Determining if the pthread_create exist failed with the following output:
Change Dir: /home/huicanlin/catkin_ws/src/ros_tutorial/lecture1-3/build-chat_pkg-Desktop-Default/CMakeFiles/CMakeTmp

Run Build Command:"/usr/bin/make" "cmTryCompileExec2593796257/fast"
/usr/bin/make -f CMakeFiles/cmTryCompileExec2593796257.dir/build.make CMakeFiles/cmTryCompileExec2593796257.dir/build
make[1]: Entering directory `/home/huicanlin/catkin_ws/src/ros_tutorial/lecture1-3/build-chat_pkg-Desktop-Default/CMakeFiles/CMakeTmp'
/usr/bin/cmake -E cmake_progress_report /home/huicanlin/catkin_ws/src/ros_tutorial/lecture1-3/build-chat_pkg-Desktop-Default/CMakeFiles/CMakeTmp/CMakeFiles 1
Building C object CMakeFiles/cmTryCompileExec2593796257.dir/CheckSymbolExists.c.o
/usr/bin/cc    -o CMakeFiles/cmTryCompileExec2593796257.dir/CheckSymbolExists.c.o   -c /home/huicanlin/catkin_ws/src/ros_tutorial/lecture1-3/build-chat_pkg-Desktop-Default/CMakeFiles/CMakeTmp/CheckSymbolExists.c
Linking C executable cmTryCompileExec2593796257
/usr/bin/cmake -E cmake_link_script CMakeFiles/cmTryCompileExec2593796257.dir/link.txt --verbose=1
/usr/bin/cc       CMakeFiles/cmTryCompileExec2593796257.dir/CheckSymbolExists.c.o  -o cmTryCompileExec2593796257 -rdynamic 
CMakeFiles/cmTryCompileExec2593796257.dir/CheckSymbolExists.c.o: In function `main':
CheckSymbolExists.c:(.text+0x16): undefined reference to `pthread_create'
collect2: error: ld returned 1 exit status
make[1]: *** [cmTryCompileExec2593796257] Error 1
make[1]: Leaving directory `/home/huicanlin/catkin_ws/src/ros_tutorial/lecture1-3/build-chat_pkg-Desktop-Default/CMakeFiles/CMakeTmp'
make: *** [cmTryCompileExec2593796257/fast] Error 2

File /home/huicanlin/catkin_ws/src/ros_tutorial/lecture1-3/build-chat_pkg-Desktop-Default/CMakeFiles/CMakeTmp/CheckSymbolExists.c:
/* */
#include <pthread.h>

int main(int argc, char** argv)
{
  (void)argv;
#ifndef pthread_create
  return ((int*)(&pthread_create))[argc];
#else
  (void)argc;
  return 0;
#endif
}

Determining if the function pthread_create exists in the pthreads failed with the following output:
Change Dir: /home/huicanlin/catkin_ws/src/ros_tutorial/lecture1-3/build-chat_pkg-Desktop-Default/CMakeFiles/CMakeTmp

Run Build Command:"/usr/bin/make" "cmTryCompileExec3822997988/fast"
/usr/bin/make -f CMakeFiles/cmTryCompileExec3822997988.dir/build.make CMakeFiles/cmTryCompileExec3822997988.dir/build
make[1]: Entering directory `/home/huicanlin/catkin_ws/src/ros_tutorial/lecture1-3/build-chat_pkg-Desktop-Default/CMakeFiles/CMakeTmp'
/usr/bin/cmake -E cmake_progress_report /home/huicanlin/catkin_ws/src/ros_tutorial/lecture1-3/build-chat_pkg-Desktop-Default/CMakeFiles/CMakeTmp/CMakeFiles 1
Building C object CMakeFiles/cmTryCompileExec3822997988.dir/CheckFunctionExists.c.o
/usr/bin/cc   -DCHECK_FUNCTION_EXISTS=pthread_create   -o CMakeFiles/cmTryCompileExec3822997988.dir/CheckFunctionExists.c.o   -c /usr/share/cmake-3.2/Modules/CheckFunctionExists.c
Linking C executable cmTryCompileExec3822997988
/usr/bin/cmake -E cmake_link_script CMakeFiles/cmTryCompileExec3822997988.dir/link.txt --verbose=1
/usr/bin/cc   -DCHECK_FUNCTION_EXISTS=pthread_create    CMakeFiles/cmTryCompileExec3822997988.dir/CheckFunctionExists.c.o  -o cmTryCompileExec3822997988 -rdynamic -lpthreads 
/usr/bin/ld: cannot find -lpthreads
collect2: error: ld returned 1 exit status
make[1]: *** [cmTryCompileExec3822997988] Error 1
make[1]: Leaving directory `/home/huicanlin/catkin_ws/src/ros_tutorial/lecture1-3/build-chat_pkg-Desktop-Default/CMakeFiles/CMakeTmp'
make: *** [cmTryCompileExec3822997988/fast] Error 2


